<?xml version="1.0" encoding="UTF-8"?>
<!-- Generated by org.testng.reporters.JUnitXMLReporter -->
<testsuite ignored="0" hostname="LAPTOP-NS62KLMK" failures="0" tests="3" name="AddToCartAndRemoveFromCart-Functionality-Test" time="18.113" errors="0" timestamp="2023-02-08T19:41:55 IST">
  <testcase classname="com.automation.testng.TC_003_AddToCartAndRemoveFromCart" name="addToCart" time="2.066"/>
  <testcase classname="com.automation.testng.TC_003_AddToCartAndRemoveFromCart" name="removeFromCart" time="2.055"/>
  <testcase classname="com.automation.testng.TC_003_AddToCartAndRemoveFromCart" name="assertions" time="0.092"/>
</testsuite> <!-- AddToCartAndRemoveFromCart-Functionality-Test -->
