<?xml version="1.0" encoding="UTF-8"?>
<testng-results ignored="0" total="1" passed="1" failed="0" skipped="0">
  <reporter-output>
  </reporter-output>
  <suite started-at="2023-02-08T20:02:48 IST" name="Default suite" finished-at="2023-02-08T20:03:01 IST" duration-ms="13507">
    <groups>
    </groups>
    <test started-at="2023-02-08T20:02:48 IST" name="Default test" finished-at="2023-02-08T20:03:01 IST" duration-ms="13507">
      <class name="com.automation.testng.TC_002_RemoveFromCart">
        <test-method signature="removeFromCart(java.lang.String,java.lang.String)[pri:0, instance:com.automation.testng.TC_002_RemoveFromCart@72cc7e6f]" started-at="2023-02-08T20:02:48 IST" name="removeFromCart" data-provider="getTestData" finished-at="2023-02-08T20:03:01 IST" duration-ms="13448" status="PASS">
          <params>
            <param index="0">
              <value>
                <![CDATA[standard_user]]>
              </value>
            </param>
            <param index="1">
              <value>
                <![CDATA[secret_sauce]]>
              </value>
            </param>
          </params>
          <reporter-output>
          </reporter-output>
        </test-method> <!-- removeFromCart -->
      </class> <!-- com.automation.testng.TC_002_RemoveFromCart -->
    </test> <!-- Default test -->
  </suite> <!-- Default suite -->
</testng-results>
